e:\ysengine\ysengine\x64\debug\vc143.pdb
e:\ysengine\ysengine\x64\debug\vc143.idb
e:\ysengine\ysengine\x64\debug\shader.obj
e:\ysengine\ysengine\x64\debug\scenepanel.obj
e:\ysengine\ysengine\x64\debug\panel.obj
e:\ysengine\ysengine\x64\debug\model.obj
e:\ysengine\ysengine\x64\debug\mesh.obj
e:\ysengine\ysengine\x64\debug\main.obj
e:\ysengine\ysengine\x64\debug\inspectorpanel.obj
e:\ysengine\ysengine\x64\debug\framebuffer.obj
e:\ysengine\ysengine\x64\debug\camera.obj
e:\ysengine\ysengine\x64\debug\imgui_widgets.obj
e:\ysengine\ysengine\x64\debug\imgui_tables.obj
e:\ysengine\ysengine\x64\debug\imgui_impl_opengl3.obj
e:\ysengine\ysengine\x64\debug\imgui_draw.obj
e:\ysengine\ysengine\x64\debug\imgui_demo.obj
e:\ysengine\ysengine\x64\debug\imgui.obj
e:\ysengine\ysengine\x64\debug\imsequencer.obj
e:\ysengine\ysengine\x64\debug\imguizmo.obj
e:\ysengine\ysengine\x64\debug\imgradient.obj
e:\ysengine\ysengine\x64\debug\imcurveedit.obj
e:\ysengine\ysengine\x64\debug\grapheditor.obj
e:\ysengine\ysengine\x64\debug\window.obj
e:\ysengine\ysengine\x64\debug\texture.obj
e:\ysengine\ysengine\x64\debug\imgui_impl_glfw.obj
e:\ysengine\ysengine\x64\debug\ysengine.exe
e:\ysengine\ysengine\x64\debug\ysengine.ilk
e:\ysengine\ysengine\x64\debug\ysengine.pdb
e:\ysengine\ysengine\x64\debug\ysengine.tlog\cl.command.1.tlog
e:\ysengine\ysengine\x64\debug\ysengine.tlog\cl.read.1.tlog
e:\ysengine\ysengine\x64\debug\ysengine.tlog\cl.write.1.tlog
e:\ysengine\ysengine\x64\debug\ysengine.tlog\link.command.1.tlog
e:\ysengine\ysengine\x64\debug\ysengine.tlog\link.read.1.tlog
e:\ysengine\ysengine\x64\debug\ysengine.tlog\link.write.1.tlog
